2024-02-23 02:12:19,563 - INFO: -- BEGIN Twilio API Request --
2024-02-23 02:12:19,563 - INFO: POST Request: https://api.twilio.com/2010-04-01/Accounts/AC3430b29f9d9b9f403701741fafdf1150/Messages.json
2024-02-23 02:12:19,563 - INFO: Headers:
2024-02-23 02:12:19,563 - INFO: User-Agent : twilio-python/8.12.0 (Darwin x86_64) Python/3.11.6
2024-02-23 02:12:19,563 - INFO: X-Twilio-Client : python-8.12.0
2024-02-23 02:12:19,563 - INFO: Accept-Charset : utf-8
2024-02-23 02:12:19,563 - INFO: Content-Type : application/x-www-form-urlencoded
2024-02-23 02:12:19,563 - INFO: Accept : application/json
2024-02-23 02:12:19,563 - INFO: -- END Twilio API Request --
2024-02-23 02:12:20,134 - INFO: Response Status Code: 201
2024-02-23 02:12:20,134 - INFO: Response Headers: {'Date': 'Fri, 23 Feb 2024 08:12:20 GMT', 'Content-Type': 'application/json; charset=utf-8', 'Content-Length': '1033', 'Connection': 'keep-alive', 'Access-Control-Allow-Origin': '*', 'Access-Control-Allow-Headers': 'Accept, Authorization, Content-Type, If-Match, If-Modified-Since, If-None-Match, If-Unmodified-Since, Idempotency-Key', 'Access-Control-Allow-Credentials': 'true', 'Access-Control-Allow-Methods': 'GET, POST, DELETE, OPTIONS', 'Access-Control-Expose-Headers': 'ETag', 'Twilio-Request-Id': 'RQfc0e9785ef2717ef1ad9c07fa570d7fb', 'Twilio-Request-Duration': '0.170', 'Twilio-Concurrent-Requests': '1', 'X-Shenanigans': 'none', 'X-Powered-By': 'AT-5000', 'X-Home-Region': 'us1', 'X-API-Domain': 'api.twilio.com'}
2024-02-23 02:12:20,135 - INFO: Mensaje de WhatsApp enviado: SMfc0e9785ef2717ef1ad9c07fa570d7fb
2024-02-23 02:12:20,292 - INFO: Ejecutado a las 2024-02-23 02:12:20.292222
2024-02-23 02:25:01,530 - INFO: -- BEGIN Twilio API Request --
2024-02-23 02:25:01,532 - INFO: POST Request: https://api.twilio.com/2010-04-01/Accounts/AC3430b29f9d9b9f403701741fafdf1150/Messages.json
2024-02-23 02:25:01,532 - INFO: Headers:
2024-02-23 02:25:01,532 - INFO: User-Agent : twilio-python/8.12.0 (Darwin x86_64) Python/3.11.6
2024-02-23 02:25:01,532 - INFO: X-Twilio-Client : python-8.12.0
2024-02-23 02:25:01,532 - INFO: Accept-Charset : utf-8
2024-02-23 02:25:01,532 - INFO: Content-Type : application/x-www-form-urlencoded
2024-02-23 02:25:01,532 - INFO: Accept : application/json
2024-02-23 02:25:01,532 - INFO: -- END Twilio API Request --
2024-02-23 02:25:02,041 - INFO: Response Status Code: 201
2024-02-23 02:25:02,042 - INFO: Response Headers: {'Date': 'Fri, 23 Feb 2024 08:25:02 GMT', 'Content-Type': 'application/json; charset=utf-8', 'Content-Length': '1033', 'Connection': 'keep-alive', 'Access-Control-Allow-Origin': '*', 'Access-Control-Allow-Headers': 'Accept, Authorization, Content-Type, If-Match, If-Modified-Since, If-None-Match, If-Unmodified-Since, Idempotency-Key', 'Access-Control-Allow-Credentials': 'true', 'Access-Control-Allow-Methods': 'GET, POST, DELETE, OPTIONS', 'Access-Control-Expose-Headers': 'ETag', 'Twilio-Request-Id': 'RQ1cef0f8703d860523ec807b7813e8d0d', 'Twilio-Request-Duration': '0.099', 'Twilio-Concurrent-Requests': '1', 'X-Shenanigans': 'none', 'X-Powered-By': 'AT-5000', 'X-Home-Region': 'us1', 'X-API-Domain': 'api.twilio.com'}
2024-02-23 02:25:02,042 - INFO: Mensaje de WhatsApp enviado: SM1cef0f8703d860523ec807b7813e8d0d
2024-02-23 02:25:02,207 - INFO: Ejecutado a las 2024-02-23 02:25:02.207034
2024-02-23 02:25:29,763 - INFO: No se encontraron correos electrónicos recientes dentro del margen de tiempo.
2024-02-23 02:25:29,879 - INFO: Ejecutado a las 2024-02-23 02:25:29.879299
2024-02-23 02:26:32,744 - INFO: No se encontraron correos electrónicos recientes dentro del margen de tiempo.
2024-02-23 02:26:32,866 - INFO: Ejecutado a las 2024-02-23 02:26:32.866664
2024-02-23 02:27:35,419 - INFO: No se encontraron correos electrónicos recientes dentro del margen de tiempo.
2024-02-23 02:27:35,539 - INFO: Ejecutado a las 2024-02-23 02:27:35.539025
2024-02-23 02:28:38,081 - INFO: No se encontraron correos electrónicos recientes dentro del margen de tiempo.
2024-02-23 02:28:38,189 - INFO: Ejecutado a las 2024-02-23 02:28:38.188970
2024-02-23 02:29:19,494 - INFO: No se encontraron correos electrónicos recientes dentro del margen de tiempo.
2024-02-23 02:29:19,607 - INFO: Ejecutado a las 2024-02-23 02:29:19.607264
2024-02-23 02:30:22,162 - INFO: No se encontraron correos electrónicos recientes dentro del margen de tiempo.
2024-02-23 02:30:22,272 - INFO: Ejecutado a las 2024-02-23 02:30:22.272732
2024-02-23 02:31:24,949 - INFO: No se encontraron correos electrónicos recientes dentro del margen de tiempo.
2024-02-23 02:31:25,071 - INFO: Ejecutado a las 2024-02-23 02:31:25.071852
2024-02-23 02:31:33,509 - INFO: No se encontraron correos electrónicos recientes dentro del margen de tiempo.
2024-02-23 02:31:33,619 - INFO: Ejecutado a las 2024-02-23 02:31:33.619613
2024-02-23 02:32:36,620 - INFO: No se encontraron correos electrónicos recientes dentro del margen de tiempo.
2024-02-23 02:32:36,743 - INFO: Ejecutado a las 2024-02-23 02:32:36.743727
2024-02-23 02:33:39,872 - INFO: No se encontraron correos electrónicos recientes dentro del margen de tiempo.
2024-02-23 02:33:39,983 - INFO: Ejecutado a las 2024-02-23 02:33:39.982964
2024-02-23 02:34:42,621 - INFO: No se encontraron correos electrónicos recientes dentro del margen de tiempo.
2024-02-23 02:34:42,742 - INFO: Ejecutado a las 2024-02-23 02:34:42.742563
2024-02-23 02:35:45,526 - INFO: No se encontraron correos electrónicos recientes dentro del margen de tiempo.
2024-02-23 02:35:45,646 - INFO: Ejecutado a las 2024-02-23 02:35:45.646747
2024-02-23 02:36:48,423 - INFO: No se encontraron correos electrónicos recientes dentro del margen de tiempo.
2024-02-23 02:36:48,542 - INFO: Ejecutado a las 2024-02-23 02:36:48.541836
2024-02-23 02:40:23,648 - INFO: No se encontraron correos electrónicos recientes dentro del margen de tiempo.
2024-02-23 02:40:23,764 - INFO: Ejecutado a las 2024-02-23 02:40:23.764113
2024-02-23 02:41:26,603 - INFO: No se encontraron correos electrónicos recientes dentro del margen de tiempo.
2024-02-23 02:41:26,722 - INFO: Ejecutado a las 2024-02-23 02:41:26.722114
2024-02-23 02:42:29,579 - INFO: No se encontraron correos electrónicos recientes dentro del margen de tiempo.
2024-02-23 02:42:29,704 - INFO: Ejecutado a las 2024-02-23 02:42:29.704035
2024-02-23 02:43:32,436 - INFO: No se encontraron correos electrónicos recientes dentro del margen de tiempo.
2024-02-23 02:43:32,553 - INFO: Ejecutado a las 2024-02-23 02:43:32.553498
2024-02-23 02:44:35,177 - INFO: No se encontraron correos electrónicos recientes dentro del margen de tiempo.
2024-02-23 02:44:35,287 - INFO: Ejecutado a las 2024-02-23 02:44:35.287878
2024-02-23 02:45:38,270 - INFO: No se encontraron correos electrónicos recientes dentro del margen de tiempo.
2024-02-23 02:45:38,399 - INFO: Ejecutado a las 2024-02-23 02:45:38.399517
2024-02-23 02:46:41,069 - INFO: No se encontraron correos electrónicos recientes dentro del margen de tiempo.
2024-02-23 02:46:41,185 - INFO: Ejecutado a las 2024-02-23 02:46:41.184873
2024-02-23 02:46:58,533 - ERROR: Error: name 'hora_actual' is not defined
2024-02-23 02:46:58,647 - INFO: Ejecutado a las 2024-02-23 02:46:58.647005
2024-02-23 02:47:57,934 - INFO: No se encontraron correos electrónicos recientes dentro del margen de tiempo. 
2024-02-23 02:47:58,049 - INFO: Ejecutado a las 2024-02-23 02:47:58.049258
2024-02-23 02:49:00,954 - INFO: No se encontraron correos electrónicos recientes dentro del margen de tiempo. 
2024-02-23 02:49:01,068 - INFO: Ejecutado a las 2024-02-23 02:49:01.068196
2024-02-23 02:50:03,746 - INFO: No se encontraron correos electrónicos recientes dentro del margen de tiempo. 
2024-02-23 02:50:03,857 - INFO: Ejecutado a las 2024-02-23 02:50:03.857029
2024-02-23 02:51:06,666 - INFO: No se encontraron correos electrónicos recientes dentro del margen de tiempo. 
2024-02-23 02:51:06,896 - INFO: Ejecutado a las 2024-02-23 02:51:06.896304
2024-02-23 02:51:37,269 - INFO: No se encontraron correos electrónicos recientes dentro del margen de tiempo. 
2024-02-23 02:51:37,382 - INFO: Ejecutado a las 2024-02-23 02:51:37.382824
2024-02-23 02:57:48,921 - ERROR: Error: SEARCH command error: BAD [b'Could not parse command']
2024-02-23 02:57:49,039 - INFO: Ejecutado a las 2024-02-23 02:57:49.039743
2024-02-23 02:58:49,476 - ERROR: Error: SEARCH command error: BAD [b'Could not parse command']
2024-02-23 02:58:49,589 - INFO: Ejecutado a las 2024-02-23 02:58:49.589132
2024-02-23 10:27:04,885 - INFO: -- BEGIN Twilio API Request --
2024-02-23 10:27:04,887 - INFO: POST Request: https://api.twilio.com/2010-04-01/Accounts/AC3430b29f9d9b9f403701741fafdf1150/Messages.json
2024-02-23 10:27:04,887 - INFO: Headers:
2024-02-23 10:27:04,887 - INFO: User-Agent : twilio-python/8.12.0 (Darwin x86_64) Python/3.11.6
2024-02-23 10:27:04,887 - INFO: X-Twilio-Client : python-8.12.0
2024-02-23 10:27:04,888 - INFO: Accept-Charset : utf-8
2024-02-23 10:27:04,888 - INFO: Content-Type : application/x-www-form-urlencoded
2024-02-23 10:27:04,888 - INFO: Accept : application/json
2024-02-23 10:27:04,888 - INFO: -- END Twilio API Request --
2024-02-23 10:27:08,494 - INFO: Response Status Code: 201
2024-02-23 10:27:08,494 - INFO: Response Headers: {'Date': 'Fri, 23 Feb 2024 16:27:08 GMT', 'Content-Type': 'application/json; charset=utf-8', 'Content-Length': '1033', 'Connection': 'keep-alive', 'Access-Control-Allow-Origin': '*', 'Access-Control-Allow-Headers': 'Accept, Authorization, Content-Type, If-Match, If-Modified-Since, If-None-Match, If-Unmodified-Since, Idempotency-Key', 'Access-Control-Allow-Credentials': 'true', 'Access-Control-Allow-Methods': 'GET, POST, DELETE, OPTIONS', 'Access-Control-Expose-Headers': 'ETag', 'Twilio-Request-Id': 'RQ4ad07be723e18f67d91b6a2ad003c55f', 'Twilio-Request-Duration': '0.114', 'Twilio-Concurrent-Requests': '1', 'X-Shenanigans': 'none', 'X-Powered-By': 'AT-5000', 'X-Home-Region': 'us1', 'X-API-Domain': 'api.twilio.com'}
2024-02-23 10:27:08,494 - INFO: Mensaje de WhatsApp enviado: SM4ad07be723e18f67d91b6a2ad003c55f
2024-02-23 10:27:08,758 - INFO: Ejecutado a las 2024-02-23 10:27:08.758429
2024-02-23 10:28:09,832 - INFO: -- BEGIN Twilio API Request --
2024-02-23 10:28:09,834 - INFO: POST Request: https://api.twilio.com/2010-04-01/Accounts/AC3430b29f9d9b9f403701741fafdf1150/Messages.json
2024-02-23 10:28:09,834 - INFO: Headers:
2024-02-23 10:28:09,834 - INFO: User-Agent : twilio-python/8.12.0 (Darwin x86_64) Python/3.11.6
2024-02-23 10:28:09,835 - INFO: X-Twilio-Client : python-8.12.0
2024-02-23 10:28:09,835 - INFO: Accept-Charset : utf-8
2024-02-23 10:28:09,835 - INFO: Content-Type : application/x-www-form-urlencoded
2024-02-23 10:28:09,835 - INFO: Accept : application/json
2024-02-23 10:28:09,835 - INFO: -- END Twilio API Request --
2024-02-23 10:28:10,503 - INFO: Response Status Code: 201
2024-02-23 10:28:10,503 - INFO: Response Headers: {'Date': 'Fri, 23 Feb 2024 16:28:10 GMT', 'Content-Type': 'application/json; charset=utf-8', 'Content-Length': '1033', 'Connection': 'keep-alive', 'Access-Control-Allow-Origin': '*', 'Access-Control-Allow-Headers': 'Accept, Authorization, Content-Type, If-Match, If-Modified-Since, If-None-Match, If-Unmodified-Since, Idempotency-Key', 'Access-Control-Allow-Credentials': 'true', 'Access-Control-Allow-Methods': 'GET, POST, DELETE, OPTIONS', 'Access-Control-Expose-Headers': 'ETag', 'Twilio-Request-Id': 'RQ232ff3ce9f16e5d04914f83b37572a11', 'Twilio-Request-Duration': '0.106', 'Twilio-Concurrent-Requests': '1', 'X-Shenanigans': 'none', 'X-Powered-By': 'AT-5000', 'X-Home-Region': 'us1', 'X-API-Domain': 'api.twilio.com'}
2024-02-23 10:28:10,504 - INFO: Mensaje de WhatsApp enviado: SM232ff3ce9f16e5d04914f83b37572a11
2024-02-23 10:28:10,759 - INFO: Ejecutado a las 2024-02-23 10:28:10.759201
2024-02-23 10:29:11,949 - INFO: -- BEGIN Twilio API Request --
2024-02-23 10:29:11,949 - INFO: POST Request: https://api.twilio.com/2010-04-01/Accounts/AC3430b29f9d9b9f403701741fafdf1150/Messages.json
2024-02-23 10:29:11,949 - INFO: Headers:
2024-02-23 10:29:11,949 - INFO: User-Agent : twilio-python/8.12.0 (Darwin x86_64) Python/3.11.6
2024-02-23 10:29:11,949 - INFO: X-Twilio-Client : python-8.12.0
2024-02-23 10:29:11,950 - INFO: Accept-Charset : utf-8
2024-02-23 10:29:11,950 - INFO: Content-Type : application/x-www-form-urlencoded
2024-02-23 10:29:11,950 - INFO: Accept : application/json
2024-02-23 10:29:11,950 - INFO: -- END Twilio API Request --
2024-02-23 10:29:12,610 - INFO: Response Status Code: 201
2024-02-23 10:29:12,611 - INFO: Response Headers: {'Date': 'Fri, 23 Feb 2024 16:29:12 GMT', 'Content-Type': 'application/json; charset=utf-8', 'Content-Length': '1033', 'Connection': 'keep-alive', 'Access-Control-Allow-Origin': '*', 'Access-Control-Allow-Headers': 'Accept, Authorization, Content-Type, If-Match, If-Modified-Since, If-None-Match, If-Unmodified-Since, Idempotency-Key', 'Access-Control-Allow-Credentials': 'true', 'Access-Control-Allow-Methods': 'GET, POST, DELETE, OPTIONS', 'Access-Control-Expose-Headers': 'ETag', 'Twilio-Request-Id': 'RQ55bcac32d00d8ad75806890a713bdd4a', 'Twilio-Request-Duration': '0.127', 'Twilio-Concurrent-Requests': '1', 'X-Shenanigans': 'none', 'X-Powered-By': 'AT-5000', 'X-Home-Region': 'us1', 'X-API-Domain': 'api.twilio.com'}
2024-02-23 10:29:12,612 - INFO: Mensaje de WhatsApp enviado: SM55bcac32d00d8ad75806890a713bdd4a
2024-02-23 10:29:12,895 - INFO: Ejecutado a las 2024-02-23 10:29:12.895593
2024-02-23 10:30:14,020 - INFO: -- BEGIN Twilio API Request --
2024-02-23 10:30:14,022 - INFO: POST Request: https://api.twilio.com/2010-04-01/Accounts/AC3430b29f9d9b9f403701741fafdf1150/Messages.json
2024-02-23 10:30:14,023 - INFO: Headers:
2024-02-23 10:30:14,024 - INFO: User-Agent : twilio-python/8.12.0 (Darwin x86_64) Python/3.11.6
2024-02-23 10:30:14,024 - INFO: X-Twilio-Client : python-8.12.0
2024-02-23 10:30:14,025 - INFO: Accept-Charset : utf-8
2024-02-23 10:30:14,025 - INFO: Content-Type : application/x-www-form-urlencoded
2024-02-23 10:30:14,025 - INFO: Accept : application/json
2024-02-23 10:30:14,025 - INFO: -- END Twilio API Request --
2024-02-23 10:30:14,855 - INFO: Response Status Code: 201
2024-02-23 10:30:14,855 - INFO: Response Headers: {'Date': 'Fri, 23 Feb 2024 16:30:14 GMT', 'Content-Type': 'application/json; charset=utf-8', 'Content-Length': '1033', 'Connection': 'keep-alive', 'Access-Control-Allow-Origin': '*', 'Access-Control-Allow-Headers': 'Accept, Authorization, Content-Type, If-Match, If-Modified-Since, If-None-Match, If-Unmodified-Since, Idempotency-Key', 'Access-Control-Allow-Credentials': 'true', 'Access-Control-Allow-Methods': 'GET, POST, DELETE, OPTIONS', 'Access-Control-Expose-Headers': 'ETag', 'Twilio-Request-Id': 'RQcb6d4e88218595dfd749758433af5152', 'Twilio-Request-Duration': '0.219', 'Twilio-Concurrent-Requests': '1', 'X-Shenanigans': 'none', 'X-Powered-By': 'AT-5000', 'X-Home-Region': 'us1', 'X-API-Domain': 'api.twilio.com'}
2024-02-23 10:30:14,855 - INFO: Mensaje de WhatsApp enviado: SMcb6d4e88218595dfd749758433af5152
2024-02-23 10:30:15,126 - INFO: Ejecutado a las 2024-02-23 10:30:15.126498
